0 0
2 0
3 0
7 0
10 0
13 0
14 0
15 0
16 0
18 0
20 0
23 0
26 0
30 0
33 0
37 0
42 0
44 0
0 1
1 1
3 1
4 1
5 1
7 1
10 1
11 1
12 1
13 1
14 1
17 1
18 1
19 1
20 1
21 1
22 1
23 1
24 1
25 1
26 1
28 1
30 1
33 1
36 1
37 1
39 1
42 1
1 2
2 2
6 2
9 2
11 2
13 2
18 2
20 2
23 2
25 2
26 2
27 2
30 2
34 2
35 2
38 2
39 2
42 2
43 2
44 2
1 3
4 3
6 3
7 3
14 3
15 3
16 3
17 3
23 3
24 3
25 3
27 3
33 3
37 3
42 3
0 4
1 4
2 4
3 4
4 4
8 4
9 4
10 4
11 4
14 4
18 4
20 4
21 4
27 4
28 4
30 4
33 4
34 4
35 4
36 4
42 4
1 5
4 5
6 5
7 5
9 5
11 5
13 5
15 5
17 5
18 5
20 5
23 5
24 5
25 5
29 5
30 5
32 5
34 5
37 5
38 5
40 5
42 5
0 6
2 6
4 6
8 6
10 6
12 6
16 6
21 6
22 6
24 6
25 6
26 6
27 6
28 6
29 6
31 6
35 6
36 6
37 6
42 6
43 6
44 6
0 7
3 7
6 7
7 7
10 7
11 7
14 7
16 7
19 7
21 7
24 7
26 7
27 7
28 7
32 7
37 7
40 7
41 7
42 7
43 7
44 7
0 8
2 8
5 8
6 8
9 8
12 8
16 8
18 8
20 8
21 8
22 8
23 8
25 8
28 8
35 8
36 8
41 8
42 8
2 9
4 9
9 9
11 9
13 9
14 9
16 9
17 9
18 9
19 9
20 9
22 9
23 9
25 9
28 9
30 9
32 9
35 9
36 9
39 9
41 9
42 9
43 9
44 9
2 10
3 10
4 10
6 10
8 10
11 10
14 10
16 10
17 10
18 10
20 10
23 10
26 10
28 10
29 10
33 10
35 10
36 10
41 10
2 11
3 11
4 11
5 11
6 11
7 11
8 11
13 11
14 11
15 11
16 11
17 11
18 11
20 11
21 11
25 11
27 11
30 11
32 11
34 11
36 11
37 11
39 11
40 11
41 11
42 11
0 12
1 12
4 12
5 12
7 12
8 12
9 12
10 12
11 12
12 12
13 12
14 12
17 12
19 12
20 12
21 12
23 12
24 12
26 12
28 12
29 12
30 12
34 12
36 12
37 12
40 12
41 12
42 12
43 12
44 12
0 13
1 13
2 13
3 13
6 13
7 13
14 13
15 13
16 13
18 13
23 13
24 13
26 13
28 13
29 13
30 13
32 13
36 13
40 13
41 13
42 13
43 13
44 13
0 14
2 14
3 14
8 14
10 14
13 14
17 14
20 14
22 14
26 14
27 14
28 14
30 14
39 14
40 14
43 14
1 15
3 15
5 15
7 15
8 15
9 15
12 15
13 15
14 15
15 15
18 15
23 15
26 15
28 15
30 15
31 15
32 15
33 15
36 15
37 15
39 15
43 15
44 15
2 16
3 16
4 16
5 16
8 16
9 16
11 16
12 16
13 16
14 16
16 16
17 16
18 16
20 16
21 16
22 16
23 16
24 16
25 16
26 16
27 16
29 16
30 16
31 16
37 16
40 16
43 16
44 16
0 17
2 17
4 17
5 17
11 17
13 17
17 17
20 17
21 17
22 17
23 17
24 17
28 17
32 17
35 17
37 17
42 17
43 17
44 17
1 18
3 18
5 18
8 18
9 18
11 18
14 18
15 18
16 18
19 18
21 18
24 18
27 18
29 18
30 18
33 18
35 18
36 18
37 18
39 18
40 18
41 18
42 18
43 18
0 19
3 19
6 19
7 19
9 19
11 19
13 19
14 19
15 19
18 19
20 19
23 19
26 19
27 19
30 19
32 19
34 19
39 19
40 19
42 19
44 19
1 20
4 20
5 20
6 20
8 20
12 20
13 20
15 20
16 20
18 20
19 20
20 20
22 20
23 20
25 20
26 20
27 20
29 20
32 20
34 20
35 20
38 20
42 20
43 20
1 21
3 21
6 21
9 21
10 21
11 21
13 21
14 21
16 21
18 21
20 21
21 21
22 21
24 21
29 21
30 21
32 21
33 21
34 21
35 21
36 21
37 21
38 21
42 21
43 21
0 22
1 22
2 22
7 22
8 22
9 22
15 22
17 22
18 22
19 22
22 22
23 22
25 22
30 22
31 22
33 22
35 22
41 22
42 22
44 22
1 23
2 23
4 23
5 23
8 23
10 23
12 23
14 23
15 23
16 23
17 23
20 23
21 23
22 23
24 23
28 23
30 23
32 23
34 23
35 23
36 23
38 23
42 23
44 23
0 24
1 24
2 24
4 24
7 24
15 24
17 24
19 24
23 24
25 24
27 24
31 24
32 24
33 24
37 24
38 24
40 24
41 24
43 24
0 25
1 25
2 25
3 25
4 25
7 25
8 25
9 25
10 25
12 25
14 25
16 25
18 25
21 25
22 25
24 25
25 25
30 25
33 25
34 25
35 25
39 25
40 25
42 25
5 26
7 26
10 26
15 26
16 26
18 26
19 26
20 26
21 26
22 26
24 26
27 26
29 26
34 26
35 26
38 26
43 26
44 26
3 27
4 27
5 27
9 27
10 27
11 27
12 27
13 27
15 27
16 27
17 27
20 27
21 27
24 27
26 27
27 27
30 27
31 27
33 27
35 27
36 27
37 27
41 27
42 27
1 28
2 28
3 28
7 28
9 28
12 28
13 28
16 28
18 28
21 28
22 28
26 28
27 28
28 28
32 28
35 28
36 28
38 28
39 28
41 28
42 28
43 28
44 28
0 29
2 29
3 29
7 29
8 29
11 29
15 29
21 29
23 29
24 29
25 29
26 29
29 29
33 29
35 29
38 29
42 29
1 30
4 30
5 30
6 30
8 30
11 30
14 30
17 30
18 30
22 30
25 30
27 30
30 30
31 30
32 30
35 30
36 30
37 30
40 30
43 30
0 31
5 31
6 31
7 31
10 31
11 31
12 31
15 31
17 31
19 31
20 31
24 31
26 31
31 31
33 31
34 31
36 31
41 31
42 31
2 32
3 32
8 32
10 32
11 32
13 32
14 32
15 32
17 32
18 32
20 32
21 32
24 32
26 32
27 32
28 32
29 32
30 32
31 32
32 32
35 32
37 32
43 32
3 33
5 33
6 33
7 33
10 33
14 33
16 33
17 33
19 33
22 33
29 33
30 33
34 33
37 33
40 33
41 33
0 34
1 34
4 34
9 34
12 34
16 34
17 34
18 34
23 34
24 34
29 34
30 34
31 34
32 34
33 34
35 34
36 34
39 34
41 34
42 34
44 34
1 35
4 35
5 35
6 35
8 35
9 35
11 35
13 35
17 35
20 35
21 35
23 35
24 35
27 35
28 35
29 35
30 35
31 35
32 35
34 35
36 35
38 35
