<?xml version="1.0" encoding="UTF-8" standalone="no"?>
<!DOCTYPE log SYSTEM "logger.dtd">
<log>
<record>
  <date>2021-12-03T17:44:24.709197500Z</date>
  <millis>1638553464709</millis>
  <nanos>197500</nanos>
  <sequence>0</sequence>
  <logger>org.uma.jmetal.util.JMetalLogger</logger>
  <level>INFO</level>
  <class>org.uma.jmetal.util.JMetalLogger</class>
  <method>configureLoggers</method>
  <thread>1</thread>
  <message>Loggers configured with null</message>
</record>
<record>
  <date>2021-12-03T17:44:24.773185500Z</date>
  <millis>1638553464773</millis>
  <nanos>185500</nanos>
  <sequence>1</sequence>
  <logger>org.uma.jmetal.util.JMetalLogger</logger>
  <level>INFO</level>
  <class>org.uma.jmetal.util.evaluator.impl.MultiThreadedSolutionListEvaluator</class>
  <method>&lt;init&gt;</method>
  <thread>1</thread>
  <message>Number of cores: 16</message>
</record>
<record>
  <date>2021-12-03T17:45:39.120978100Z</date>
  <millis>1638553539120</millis>
  <nanos>978100</nanos>
  <sequence>2</sequence>
  <logger>org.uma.jmetal.util.JMetalLogger</logger>
  <level>INFO</level>
  <class>main.Main</class>
  <method>Algorithmlauncher</method>
  <thread>1</thread>
  <message>~~~Resultados Algoritmo Evolutivo~~~</message>
</record>
<record>
  <date>2021-12-03T17:45:39.121994500Z</date>
  <millis>1638553539121</millis>
  <nanos>994500</nanos>
  <sequence>3</sequence>
  <logger>org.uma.jmetal.util.JMetalLogger</logger>
  <level>INFO</level>
  <class>main.Main</class>
  <method>Algorithmlauncher</method>
  <thread>1</thread>
  <message>Total execution time: -1ms</message>
</record>
<record>
  <date>2021-12-03T17:45:39.121994500Z</date>
  <millis>1638553539121</millis>
  <nanos>994500</nanos>
  <sequence>4</sequence>
  <logger>org.uma.jmetal.util.JMetalLogger</logger>
  <level>INFO</level>
  <class>main.Main</class>
  <method>Algorithmlauncher</method>
  <thread>1</thread>
  <message>Objectives values have been written to file FUN.tsv</message>
</record>
<record>
  <date>2021-12-03T17:45:39.122975600Z</date>
  <millis>1638553539122</millis>
  <nanos>975600</nanos>
  <sequence>5</sequence>
  <logger>org.uma.jmetal.util.JMetalLogger</logger>
  <level>INFO</level>
  <class>main.Main</class>
  <method>Algorithmlauncher</method>
  <thread>1</thread>
  <message>Variables values have been written to file VAR.tsv</message>
</record>
<record>
  <date>2021-12-03T17:45:39.122975600Z</date>
  <millis>1638553539122</millis>
  <nanos>975600</nanos>
  <sequence>6</sequence>
  <logger>org.uma.jmetal.util.JMetalLogger</logger>
  <level>INFO</level>
  <class>main.Main</class>
  <method>Algorithmlauncher</method>
  <thread>1</thread>
  <message>Fitness: 2.565112872250408E13</message>
</record>
<record>
  <date>2021-12-03T17:45:39.124993200Z</date>
  <millis>1638553539124</millis>
  <nanos>993200</nanos>
  <sequence>7</sequence>
  <logger>org.uma.jmetal.util.JMetalLogger</logger>
  <level>INFO</level>
  <class>main.Main</class>
  <method>Algorithmlauncher</method>
  <thread>1</thread>
  <message>Solution: 
Dia 1
00000000000000000000000000000000000000000000000000	10000010000000000000000000000001000000000000000000
00000000000000000000000000000000000000000000000000	00100100100000000000000000000000000000000000000000
00000000000000000000000000000000000000000000000000	00000000001000000000000000010000000010000000000000
00000000000000000000000000000000000000000000000000	01000000000100000000000000000000000000000010000000
00000000000000000000000000000000000000000000000000	00000000000000101000100000000000000000000000000000
00000000000000000000000000000000000000000000000000	00000000010011000000000000000000000000000000000000
00000000000000000000000000000000000000000000000000	00011000000000000000000000000000000000000000000000
00000000000000000000000000000000000000000000000000	00000000000000000000000000000000000000000000000000
00000000000000000000000000000000000000000000000000	00000000000000000000000000000000000000000000000000
00000000000000000000000000000000000000000000000000	00000000000000000000000000000000000000000000000000

Dia 2
00000000000000000000000000000000000000000000000000	00000000000000010011000000000000000000000000000000
00000000000000000000000000000000000000000000000000	00000000000000000000000000000000000000001000001010
00000000000000000000000000000000000000000000000000	00000000000000000000000100000110000000000000000000
00000000000000000000000000000000000000000000000000	00000000000000000000000000000000000000000000100101
00000000000000000000000000000000000000000000000000	00000000000000000000000000000000000000100001010000
00000000000000000000000000000000000000000000000000	00000000000000000000000000000000100000010100000000
00000000000000000000000000000000000000000000000000	00000000000000000100011000000000000000000000000000
00000000000000000000000000000000000000000000000000	00000000000000000000000010100000000100000000000000
00000000000000000000000000000000000000000000000000	00000000000000000000000001001000001000000000000000
00000000000000000000000000000000000000000000000000	00000001000000000000000000000000010001000000000000

fitness: 2.565112872250408E13
distancia total: 346791.38
tiempo total: 3.7108588E7
desborde: false
</message>
</record>
</log>
